\BOOKMARK [1][-]{section*.1}{\376\377\000S\000u\000m\000m\000a\000r\000y}{}% 1
\BOOKMARK [1][-]{section*.2}{\376\377\000C\000a\000u\000s\000a\000l\000\040\000Q\000u\000e\000s\000t\000i\000o\000n}{}% 2
\BOOKMARK [1][-]{section*.3}{\376\377\000V\000a\000l\000i\000d\000i\000t\000y}{}% 3
\BOOKMARK [2][-]{section*.4}{\376\377\000C\000o\000n\000s\000t\000r\000u\000c\000t\000\040\000V\000a\000l\000i\000d\000i\000t\000y}{section*.3}% 4
\BOOKMARK [2][-]{section*.5}{\376\377\000I\000n\000t\000e\000r\000n\000a\000l\000\040\000V\000a\000l\000i\000d\000i\000t\000y}{section*.3}% 5
\BOOKMARK [2][-]{section*.6}{\376\377\000E\000x\000t\000e\000r\000n\000a\000l\000\040\000V\000a\000l\000i\000d\000i\000t\000y}{section*.3}% 6
\BOOKMARK [2][-]{section*.7}{\376\377\000S\000t\000a\000t\000i\000s\000t\000i\000c\000a\000l\000\040\000C\000o\000n\000c\000l\000u\000s\000i\000o\000n\000\040\000V\000a\000l\000i\000d\000i\000t\000y}{section*.3}% 7
\BOOKMARK [1][-]{section*.8}{\376\377\000A\000p\000p\000r\000o\000p\000r\000i\000a\000t\000e\000n\000e\000s\000s\000\040\000o\000f\000\040\000M\000e\000t\000h\000o\000d\000s}{}% 8
\BOOKMARK [1][-]{section*.9}{\376\377\000C\000o\000n\000c\000l\000u\000s\000i\000o\000n}{}% 9
\BOOKMARK [1][-]{section*.10}{\376\377\000S\000u\000m\000m\000a\000r\000y}{}% 10
\BOOKMARK [1][-]{section*.11}{\376\377\000C\000a\000u\000s\000a\000l\000\040\000Q\000u\000e\000s\000t\000i\000o\000n}{}% 11
\BOOKMARK [1][-]{section*.12}{\376\377\000V\000a\000l\000i\000d\000i\000t\000y}{}% 12
\BOOKMARK [2][-]{section*.13}{\376\377\000C\000o\000n\000s\000t\000r\000u\000c\000t\000\040\000V\000a\000l\000i\000d\000i\000t\000y}{section*.12}% 13
\BOOKMARK [2][-]{section*.14}{\376\377\000I\000n\000t\000e\000r\000n\000a\000l\000\040\000V\000a\000l\000i\000d\000i\000t\000y}{section*.12}% 14
\BOOKMARK [2][-]{section*.15}{\376\377\000E\000x\000t\000e\000r\000n\000a\000l\000\040\000V\000a\000l\000i\000d\000i\000t\000y}{section*.12}% 15
\BOOKMARK [2][-]{section*.16}{\376\377\000S\000t\000a\000t\000i\000s\000t\000i\000c\000a\000l\000\040\000C\000o\000n\000c\000l\000u\000s\000i\000o\000n\000\040\000V\000a\000l\000i\000d\000i\000t\000y}{section*.12}% 16
\BOOKMARK [1][-]{section*.17}{\376\377\000A\000p\000p\000r\000o\000p\000r\000i\000a\000t\000e\000n\000e\000s\000s\000\040\000o\000f\000\040\000M\000e\000t\000h\000o\000d\000s}{}% 17
\BOOKMARK [1][-]{section*.18}{\376\377\000C\000o\000n\000c\000l\000u\000s\000i\000o\000n}{}% 18
\BOOKMARK [1][-]{section*.19}{\376\377\000S\000u\000m\000m\000a\000r\000y}{}% 19
\BOOKMARK [1][-]{section*.20}{\376\377\000C\000a\000u\000s\000a\000l\000\040\000Q\000u\000e\000s\000t\000i\000o\000n}{}% 20
\BOOKMARK [1][-]{section*.21}{\376\377\000V\000a\000l\000i\000d\000i\000t\000y}{}% 21
\BOOKMARK [2][-]{section*.22}{\376\377\000I\000n\000t\000e\000r\000n\000a\000l\000\040\000a\000n\000d\000\040\000E\000x\000t\000e\000r\000n\000a\000l\000\040\000V\000a\000l\000i\000d\000i\000t\000y}{section*.21}% 22
\BOOKMARK [2][-]{section*.23}{\376\377\000C\000o\000n\000s\000t\000r\000u\000c\000t\000\040\000V\000a\000l\000i\000d\000i\000t\000y}{section*.21}% 23
\BOOKMARK [2][-]{section*.24}{\376\377\000S\000t\000a\000t\000i\000s\000t\000i\000c\000a\000l\000\040\000C\000o\000n\000c\000l\000u\000s\000i\000o\000n\000\040\000V\000a\000l\000i\000d\000i\000t\000y}{section*.21}% 24
\BOOKMARK [1][-]{section*.25}{\376\377\000A\000p\000p\000r\000o\000p\000r\000i\000a\000t\000e\000n\000e\000s\000s\000\040\000o\000f\000\040\000M\000e\000t\000h\000o\000d\000s}{}% 25
\BOOKMARK [1][-]{section*.26}{\376\377\000C\000o\000n\000c\000l\000u\000s\000i\000o\000n}{}% 26
